Opening monitor command playback file: /home/lenovo1/DEVELOPER/C64/code/mylibs/bin/main.vs
registered font '/usr/share/vice/common/C64_Pro_Mono-STYLE.ttf'.
registered font '/usr/share/vice/common/PetMe1282Y.ttf'.
registered font '/usr/share/vice/common/PetMe128.ttf'.
registered font '/usr/share/vice/common/PetMe2X.ttf'.
registered font '/usr/share/vice/common/PetMe2Y.ttf'.
registered font '/usr/share/vice/common/PetMe642Y.ttf'.
registered font '/usr/share/vice/common/PetMe64.ttf'.
registered font '/usr/share/vice/common/PetMe.ttf'.
 
*** VICE Version 3.9 ***
 
Welcome to x64sc, the free portable C64 Emulator.
 
Current VICE team members:
Pottendo, Marco van den Heuvel, Fabrizio Gennari, Groepaz, Errol Smith, 
Ingo Korb, Olaf Seibert, Marcus Sutton, Kajtar Zsolt, AreaScout, Bas Wassink, 
Michael C. Martin, Christopher Phillips, David Hogan, Empathic Qubit, 
Roberto Muscedere, June Tate-Gans, Pablo Roldan.
 
This is free software with ABSOLUTELY NO WARRANTY.
See the "About VICE" command for more info.
 
Main: random seed was: 0x683611d5
Main: command line was: x64 -logfile /home/lenovo1/DEVELOPER/C64/code/mylibs/bin/main.prg-vice.log -moncommands /home/lenovo1/DEVELOPER/C64/code/mylibs/bin/main.vs /home/lenovo1/DEVELOPER/C64/code/mylibs/bin/main.prg
Main: VICE system file directory: '/usr/share/vice'.
Main: VICE system file search path: '/home/lenovo1/.local/share/vice:/usr/bin:/usr/share/vice'.
Loading system file `/usr/share/vice/C64/kernal-901227-03.bin'.
C64MEM: Kernal rev #3 ($03) Sum: 50954 ($C70A) SHA1: 1d503e56df85a62fee696e7618dc5b4e781df1bb.
Loading system file `/usr/share/vice/C64/basic-901226-01.bin'.
Loading system file `/usr/share/vice/C64/chargen-901225-01.bin'.
Palette: Loading palette `/usr/share/vice/PRINTER/mps803.vpl'.
Loading system file `/usr/share/vice/PRINTER/nl10.bin'.
Palette: Loading palette `/usr/share/vice/PRINTER/nl10.vpl'.
NL10: Printer driver initialized.
Palette: Loading palette `/usr/share/vice/PRINTER/1520.vpl'.
Loading system file `/usr/share/vice/DRIVES/dos1540-325302+3-01.bin'.
Loading system file `/usr/share/vice/DRIVES/dos1541-325302-01+901229-05.bin'.
Loading system file `/usr/share/vice/DRIVES/dos1541ii-251968-03.bin'.
Loading system file `/usr/share/vice/DRIVES/dos1570-315090-01.bin'.
Loading system file `/usr/share/vice/DRIVES/dos1571-310654-05.bin'.
Loading system file `/usr/share/vice/DRIVES/dos1581-318045-02.bin'.
DriveROM: Error - 2000 ROM image not found. Hardware-level 2000 emulation is not available.
DriveROM: Error - 4000 ROM image not found. Hardware-level 4000 emulation is not available.
DriveROM: Error - CMDHD ROM image not found. Hardware-level CMDHD emulation is not available.
Loading system file `/usr/share/vice/DRIVES/dos2031-901484-03+05.bin'.
Loading system file `/usr/share/vice/DRIVES/dos2040-901468-06+07.bin'.
Loading system file `/usr/share/vice/DRIVES/dos3040-901468-11-13.bin'.
Loading system file `/usr/share/vice/DRIVES/dos4040-901468-14-16.bin'.
Loading system file `/usr/share/vice/DRIVES/dos1001-901887+8-01.bin'.
Loading system file `/usr/share/vice/DRIVES/dos9000-300516+7-revC.bin'.
Drive: Finished loading ROM images.
VIC-II: Initializing chip model "MOS8565" (63 cycles per line, 312 raster lines).
Window: using GTK3 backend: OpenGL
Window: chip_name: VICII
Window:  screen_size: 384 x 312
Window:  gfx_size: 320 x 200
Window:  gfx_position: 32 x 51
Window:  first/last displayed line: 16 x 287
Window:  extra offscreen border left/right: 0 x 0
Window:  scalexy: 2 x 2 sizexy: 1 x 1
Window:  rmode: 1
Window:  aspect ratio: 0.936508
Window:  hstretch: 0 vstretch: 0
Window:  initializing with width, height: 704 x 507
OpenGL: GLX version: 1.4
OpenGL: Getting matching framebuffer configs
OpenGL: Found 24 matching FB configs.
OpenGL: Obtained OpenGL 4.2 context
OpenGL: Direct GLX rendering context obtained
OpenGL: Swap control support. glXSwapIntervalMESA: 1 glXSwapIntervalEXT: 1 glXSwapIntervalSGI: 1
OpenGL: Loading vertex shader: /usr/share/vice/GLSL/viewport.vert
OpenGL: Loading fragment shader: /usr/share/vice/GLSL/builtin.frag
OpenGL: Loading vertex shader: /usr/share/vice/GLSL/viewport.vert
OpenGL: Loading fragment shader: /usr/share/vice/GLSL/builtin-interlaced.frag
OpenGL: Loading vertex shader: /usr/share/vice/GLSL/viewport.vert
OpenGL: Loading fragment shader: /usr/share/vice/GLSL/bicubic.frag
OpenGL: Loading vertex shader: /usr/share/vice/GLSL/viewport.vert
OpenGL: Loading fragment shader: /usr/share/vice/GLSL/bicubic-interlaced.frag
Render thread: Created render thread 0
OpenGL: Render thread initialised
Sound: Available sound devices: pulse alsa dummy fs dump wav voc iff aiff mp3 flac ogg soundmovie
evdev Joystick: Initializing Linux evdev joystick driver.
Keymap: Loading keymap `/usr/share/vice/C64/gtk3_pos.vkm'.
Hotkeys: Initializing hotkeys.
Hotkeys: parsing default file '/usr/share/vice/hotkeys/hotkeys.vhk' for machine C64
Hotkeys: OK.
Main CPU: 
Main CPU: starting at ($FFFC).
Main CPU: RESET.
VIC-II: VSP Bug: safe channels are: 0357. Emulation of memory corruption is disabled.
AUTOSTART: Autodetecting image type of `/home/lenovo1/DEVELOPER/C64/code/mylibs/bin/main.prg'.
Filesystem Image Probe: Error - Import GCR: Unknown GCR image version 48.
Filesystem Image: Unknown disk image `/home/lenovo1/DEVELOPER/C64/code/mylibs/bin/main.prg'.
Tape: Error - Cannot open file `/home/lenovo1/DEVELOPER/C64/code/mylibs/bin/main.prg'
Error - no CRT header found.
CART: '/home/lenovo1/DEVELOPER/C64/code/mylibs/bin/main.prg' is not a valid CRT file.
AUTOSTART: Loading PRG file `/home/lenovo1/DEVELOPER/C64/code/mylibs/bin/main.prg' with autostart disk image.
AUTOSTART: Resetting drive 8
AUTOSTART: Resetting the machine to autostart 'MAIN'
VIC-II: VSP Bug: safe channels are: 01257. Emulation of memory corruption is disabled.
AUTOSTART: Turning Warp mode on.
AUTOSTART: `/home/lenovo1/DEVELOPER/C64/code/mylibs/bin/main.prg' recognized as program/p00 file.
Monitor playback command: al C:513e .scan_all_keys
Monitor playback command: al C:5161 .no_key_detected
Monitor playback command: al C:2729 .TABLE_KEY_BOARD_ROW
Monitor playback command: al C:51e0 .continue_skip
Monitor playback command: al C:5968 .MATH_LIB
Monitor playback command: al C:5014 .clean_screen
Monitor playback command: al C:59e2 .multiplication_32
Monitor playback command: al C:19 .SCREEN_HEIGHT
Monitor playback command: al C:26a9 .buffer_str
Monitor playback command: al C:58f4 .reset_bit_7_to_0_in_chars
Monitor playback command: al C:0 .BLACK
Monitor playback command: al C:52eb .outer_loop
Monitor playback command: al C:270b .sum_res_0
Monitor playback command: al C:26e8 .counter_str
Monitor playback command: al C:270d .sum_res_2
Monitor playback command: al C:270c .sum_res_1
Monitor playback command: al C:270e .sum_res_3
Monitor playback command: al C:50f2 .copy_number
Monitor playback command: al C:5150 .scan_cols_loop
Monitor playback command: al C:2594 .end_mul_string
Monitor playback command: al C:2632 .end_keyboard_str
Monitor playback command: al C:5a41 .sum_32
Monitor playback command: al C:f .LIGHT_GRAY
Monitor playback command: al C:26e4 .SCREEN_CHAR
Monitor playback command: al C:e .LIGHT_BLUE
Monitor playback command: al C:51e6 .print_offset_result
Monitor playback command: al C:2703 .sum_num1_0
Monitor playback command: al C:2704 .sum_num1_1
Monitor playback command: al C:2705 .sum_num1_2
Monitor playback command: al C:2706 .sum_num1_3
Monitor playback command: al C:589e .continue_swap
Monitor playback command: al C:5035 .continue_writing
Monitor playback command: al C:20 .ZERO_PAGE_ROW_LOW_BYTE
Monitor playback command: al C:6 .BLUE
Monitor playback command: al C:2683 .space_5_str
Monitor playback command: al C:57f0 .move_cursor_to_left_on_string_screen
Monitor playback command: al C:2664 .coor_y_str
Monitor playback command: al C:51a1 .enter_not_pressed
Monitor playback command: al C:26e3 .SCREEN_COL_POS
Monitor playback command: al C:51a7 .check_combo_keys
Monitor playback command: al C:57e2 .decrement_input_index_counter
Monitor playback command: al C:5081 .print_move_modules_in_table_to_number_to_print_str
Monitor playback command: al C:5a67 .sub_32
Monitor playback command: al C:2731 .TABLE_KEY_BOARD_COL
Monitor playback command: al C:26f7 .mul_num1_0
Monitor playback command: al C:26fa .mul_num1_3
Monitor playback command: al C:4000 .Row_LO
Monitor playback command: al C:26f8 .mul_num1_1
Monitor playback command: al C:281b .CHAR_INDEX_1
Monitor playback command: al C:26f9 .mul_num1_2
Monitor playback command: al C:281c .CHAR_INDEX_2
Monitor playback command: al C:50a4 .loop_digits
Monitor playback command: al C:3e8 .SCREEN_SIZE
Monitor playback command: al C:2 .RED
Monitor playback command: al C:5968 .division_32
Monitor playback command: al C:25c2 .sum_result_str
Monitor playback command: al C:270a .sum_num2_3
Monitor playback command: al C:512a .read_key
Monitor playback command: al C:2600 .division_n1_str
Monitor playback command: al C:26e6 .SCREEN_CHAR_INDEX
Monitor playback command: al C:26cb .delete_key_str
Monitor playback command: al C:2707 .sum_num2_0
Monitor playback command: al C:2708 .sum_num2_1
Monitor playback command: al C:2709 .sum_num2_2
Monitor playback command: al C:5000 .SYSTEM
Monitor playback command: al C:2572 .end_div_string
Monitor playback command: al C:d .LIGHT_GREEN
Monitor playback command: al C:271e .CHAR_KEY_PRESSED
Monitor playback command: al C:d020 .SCREEN_BORDER_COLOR
Monitor playback command: al C:516c .process_pressed_keys
Monitor playback command: al C:596d .loop
Monitor playback command: al C:5311 .calculate_offset_for_ascii_table
Monitor playback command: al C:500c .restore_system
Monitor playback command: al C:21 .ZERO_PAGE_ROW_HIGHT_BYTE
Monitor playback command: al C:59e7 .continue_multiplication_32
Monitor playback command: al C:277c .INPUT_INDEX_COUNTER
Monitor playback command: al C:257f .end_div_32_str
Monitor playback command: al C:5014 .PRINT_LIB
Monitor playback command: al C:26c5 .current_char_str
Monitor playback command: al C:277b .INPUT_STR_LIMIT_CLS
Monitor playback command: al C:27c2 .INPUT_CURSOR_ROW
Monitor playback command: al C:26d6 .NUMBER_TO_PRINT_TABLE
Monitor playback command: al C:2689 .move_left_str
Monitor playback command: al C:250a .keys_buffer
Monitor playback command: al C:52fa .clear_key_pressed_table
Monitor playback command: al C:268f .move_right_str
Monitor playback command: al C:2617 .multipli_n1_str
Monitor playback command: al C:552b .print_cursor_index_pos
Monitor playback command: al C:84e .fin_keyboard_demo
Monitor playback command: al C:2716 .sub_num2_3
Monitor playback command: al C:2715 .sub_num2_2
Monitor playback command: al C:2500 .number_to_print_str
Monitor playback command: al C:2714 .sub_num2_1
Monitor playback command: al C:2713 .sub_num2_0
Monitor playback command: al C:2719 .sub_res_2
Monitor playback command: al C:2695 .cursor_index_str
Monitor playback command: al C:271a .sub_res_3
Monitor playback command: al C:271b .TABLE_KEY_COL_INDEX
Monitor playback command: al C:1000 .MUSIC_ADDRESS
Monitor playback command: al C:2717 .sub_res_0
Monitor playback command: al C:2718 .sub_res_1
Monitor playback command: al C:26ff .mul_res_0
Monitor playback command: al C:2648 .hello_keyb_str
Monitor playback command: al C:2700 .mul_res_1
Monitor playback command: al C:2701 .mul_res_2
Monitor playback command: al C:2702 .mul_res_3
Monitor playback command: al C:2667 .coor_x_str
Monitor playback command: al C:9 .BROWN
Monitor playback command: al C:25f5 .result_str
Monitor playback command: al C:1 .WHITE
Monitor playback command: al C:5140 .scan_rows_loop
Monitor playback command: al C:23 .ZERO_PAGE_PRINT_TEXT_HI
Monitor playback command: al C:4 .PURPLE
Monitor playback command: al C:2538 .message
Monitor playback command: al C:5 .GREEN
Monitor playback command: al C:2676 .end_print_row_str
Monitor playback command: al C:254a .bye
Monitor playback command: al C:25a7 .end_mul_32_str
Monitor playback command: al C:5764 .add_key_to_screen_str
Monitor playback command: al C:27c7 .INPUT_CURSOR
Monitor playback command: al C:26a0 .cursor_col_str
Monitor playback command: al C:5000 .setup
Monitor playback command: al C:271d .KEY_PRESSED
Monitor playback command: al C:50df .read_tail
Monitor playback command: al C:b .DARK_GRAY
Monitor playback command: al C:5000 .LIBRARIES_ADDRESS
Monitor playback command: al C:c .GREY
Monitor playback command: al C:2712 .sub_num1_3
Monitor playback command: al C:2711 .sub_num1_2
Monitor playback command: al C:2710 .sub_num1_1
Monitor playback command: al C:270f .sub_num1_0
Monitor playback command: al C:27ca .TEMP_Y_REG
Monitor playback command: al C:277a .INPUT_STR_LIMIT
Monitor playback command: al C:5018 .clean_location_screen
Monitor playback command: al C:5199 .enter_pressed
Monitor playback command: al C:5626 .print_cursor_col_pos
Monitor playback command: al C:26e1 .SCREEN_COL_COLOR_POS
Monitor playback command: al C:262d .mult_times_str
Monitor playback command: al C:27c3 .INPUT_CURSOR_COL
Monitor playback command: al C:532b .print_cursor
Monitor playback command: al C:577e .print_keys_pressed
Monitor playback command: al C:26e7 .counter_table
Monitor playback command: al C:4032 .Row_Color_LO
Monitor playback command: al C:d021 .SCREEN_BACKGROUND_COLOR
Monitor playback command: al C:58be .clean_str_screen
Monitor playback command: al C:814 .init_code
Monitor playback command: al C:2739 .TABLE_KEY_ASCII_X_OFFSET
Monitor playback command: al C:2720 .KEY_BUFFER_INDEX
Monitor playback command: al C:26e2 .SCREEN_ROW_POS
Monitor playback command: al C:57c6 .increment_current_cursor_of_screen
Monitor playback command: al C:5136 .continue_read_key
Monitor playback command: al C:502e .print_text
Monitor playback command: al C:3 .CYAN
Monitor playback command: al C:25db .sub_result_str
Monitor playback command: al C:2721 .KEY_WAIT
Monitor playback command: al C:57d4 .increment_input_index_counter
Monitor playback command: al C:26e5 .SCREEN_CHAR_COLOR
Monitor playback command: al C:80b .upstartEnd
Monitor playback command: al C:26bd .calc_offset_str
Monitor playback command: al C:51c2 .skip
Monitor playback command: al C:5860 .restore_char_with_current_cursor
Monitor playback command: al C:4000 .TABLES_ADDRESS
Monitor playback command: al C:a .PINK
Monitor playback command: al C:24 .ZERO_PAGE_ROW_COLOR_LOW_BYTE
Monitor playback command: al C:58c3 .continue_cleaning
Monitor playback command: al C:28 .SCREEN_WIDTH
Monitor playback command: al C:59dc .end_loop
Monitor playback command: al C:8 .ORANGE
Monitor playback command: al C:2781 .SCREEN_INPUT_COLOR
Monitor playback command: al C:2780 .SCREEN_INPUT_COL_POS_CLS
Monitor playback command: al C:2500 .VARIABLES_ADDRESS
Monitor playback command: al C:22 .ZERO_PAGE_PRINT_TEXT_LO
Monitor playback command: al C:2782 .PRESSED_KEY_TABLE
Monitor playback command: al C:271c .TABLE_KEY_ROW_INDEX
Monitor playback command: al C:26e0 .SCREEN_ROW_COLOR_POS
Monitor playback command: al C:5177 .save_key_pressed_in_table
Monitor playback command: al C:27c5 .INPUT_CURSOR_COL_CLS
Monitor playback command: al C:2728 .KEYS_BUFFER_COUNTER
Monitor playback command: al C:277e .SCREEN_INPUT_COL_POS
Monitor playback command: al C:2610 .division_n2_str
Monitor playback command: al C:271f .KEY_FLAGS
Monitor playback command: al C:5115 .input_keyboard
Monitor playback command: al C:811 .main
Monitor playback command: al C:5301 .clear_pressed
Monitor playback command: al C:27cb .KEYS_TO_SCREEN_STR
Monitor playback command: al C:5993 .do_subtract
Monitor playback command: al C:250f .stars_line
Monitor playback command: al C:5721 .print_current_pressed_char
Monitor playback command: al C:810 .MAIN_CODE_ADDRESS
Monitor playback command: al C:26b1 .input_text_str
Monitor playback command: al C:504c .print_char
Monitor playback command: al C:26ed .div_num1_2
Monitor playback command: al C:26ee .div_num1_3
Monitor playback command: al C:404b .Row_Color_HI
Monitor playback command: al C:2722 .KEYS_BUFFER
Monitor playback command: al C:26eb .div_num1_0
Monitor playback command: al C:25 .ZERO_PAGE_ROW_COLOR_HIGHT_BYTE
Monitor playback command: al C:26ec .div_num1_1
Monitor playback command: al C:57b8 .decrement_current_cursor_of_screen
Monitor playback command: al C:277f .SCREEN_INPUT_ROW_POS_CLS
Monitor playback command: al C:26e9 .total_digits
Monitor playback command: al C:26fd .mul_num2_2
Monitor playback command: al C:26fe .mul_num2_3
Monitor playback command: al C:26fb .mul_num2_0
Monitor playback command: al C:27c6 .SCREEN_CHAR_COLOR_OLD
Monitor playback command: al C:26fc .mul_num2_1
Monitor playback command: al C:52e4 .sleep_key
Monitor playback command: al C:400 .SCREEN_RAM
Monitor playback command: al C:266a .cmb_pressed_str
Monitor playback command: al C:27c8 .temp_offset
Monitor playback command: al C:588d .remove_char_screen_str_by_key
Monitor playback command: al C:273a .TABLE_KEY_ASCII
Monitor playback command: al C:5115 .INPUT_LIB
Monitor playback command: al C:27c9 .TEMP_X_REG
Monitor playback command: al C:7 .YELLOW
Monitor playback command: al C:593b .set_bit_7_to_1_in_char
Monitor playback command: al C:255d .math_lib_string
Monitor playback command: al C:27c4 .INPUT_CURSOR_ROW_CLS
Monitor playback command: al C:d800 .SCREEN_COLOR_RAM
Monitor playback command: al C:26ea .last_total_digits
Monitor playback command: al C:582b .move_cursor_to_right_on_string_screen
Monitor playback command: al C:5921 .continue_reset
Monitor playback command: al C:5339 .print_x_coord
Monitor playback command: al C:26f0 .div_num2_1
Monitor playback command: al C:5046 .end_writing
Monitor playback command: al C:26f1 .div_num2_2
Monitor playback command: al C:26f2 .div_num2_3
Monitor playback command: al C:26ef .div_num2_0
Monitor playback command: al C:20 .ZERO_PAGE_ADDRESS
Monitor playback command: al C:4019 .Row_HI
Monitor playback command: al C:51d1 .check_next_key_1
Monitor playback command: al C:51e0 .check_next_key_2
Monitor playback command: al C:518a .check_if_key_is_enter
Monitor playback command: al C:26f3 .div_res_0
Monitor playback command: al C:277d .SCREEN_INPUT_ROW_POS
Monitor playback command: al C:26f4 .div_res_1
Monitor playback command: al C:5432 .print_y_coord
Monitor playback command: al C:26f5 .div_res_2
Monitor playback command: al C:26f6 .div_res_3
Monitor playback command: al C:810 .system_status
Monitor playback command: al C:267e .space_4_str
Monitor playback command: al C:52ed .inner_loop
Monitor playback command: break 512d
Closed monitor command playback file: /home/lenovo1/DEVELOPER/C64/code/mylibs/bin/main.vs
Main CPU: RESET.
VSync: Sync reset
Unit 8: RESET.
Monitor UI: using font 'DM Mono Medium 10' (Family:DM Mono, Size:10, Variations:-) PETSCII:no Terminal Scale:1.000000
AUTOSTART: Loading program 'MAIN'
AUTOSTART: Entered ROM at $e5cd
AUTOSTART: Searching for ...
AUTOSTART: Loading
AUTOSTART: Entered ROM at $ea21
AUTOSTART: Ready
AUTOSTART: Turning Warp mode off.
AUTOSTART: Starting program.
AUTOSTART: Restoring FileSystemDevice8 to 1.
AUTOSTART: Restoring FSDevice8ConvertP00 to 1.
AUTOSTART: Restoring FSDeviceLongNames to 0.
AUTOSTART: Done.
VSync: Sync reset
VSync: Sync reset
VSync: Sync reset
Mainlock: VICE thread initiating shutdown
Mainlock: VICE thread is exiting
Render thread: Initiating render thread 0 shutdown
Render thread: Joining render thread 0 ...
Render thread: Joined render thread 0.


LogFileName="/home/lenovo1/DEVELOPER/C64/code/mylibs/bin/main.prg-vice.log"
SaveResourcesOnExit=1
ConfirmOnExit=0
MonitorXPos=2049
MonitorYPos=58
MonitorWidth=1021
MonitorHeight=710
MonitorFont="DM Mono Medium 10"
MonitorFG="rgb(55,218,29)"
Window0Height=710
Window0Width=1024
Window0Xpos=0
Window0Ypos=58
Sound=0
KbdStatusbar=1
KeymapIndex=1

-default -logfile "/home/lenovo1/DEVELOPER/C64/code/mylibs/bin/main.prg-vice.log" +confirmonexit -saveres -monitorfont "DM Mono Medium 10" -monitorfg "rgb(55,218,29)" -monitorxpos "2049" -monitorypos "58" -monitorwidth "1021" -monitorheight "710" -windowxpos "0" -windowypos "58" -windowwidth "1024" -windowheight "710" +sound -keymap "1" -kbdstatusbar
Main: VICE thread has been joined.
Writing configuration file `/home/lenovo1/.config/vice/vicerc'.
VIC-II: VSP Bug: safe channels are: 3. Emulation of memory corruption is disabled.
Hotkeys: shutting down.
closed ALSA MIDI sequencer port 'VICE'
